<?xml version="1.0" encoding="UTF-8"?>
<!-- Generated by org.testng.reporters.JUnitReportReporter -->
<testsuite skipped="0" hostname="DESKTOP-UOK2A4V" name="com.ds.apitestcase.Tcpostrequest" tests="1" failures="0" timestamp="22 Jan 2020 04:43:27 GMT" time="9.186" errors="0">
  <testcase name="data" time="9.186" classname="com.ds.apitestcase.Tcpostrequest"/>
</testsuite> <!-- com.ds.apitestcase.Tcpostrequest -->
