<?xml version="1.0" encoding="UTF-8"?>
<!-- Generated by org.testng.reporters.JUnitReportReporter -->
<testsuite skipped="0" hostname="DESKTOP-UOK2A4V" name="com.ds.apitestcase.TCgetrequest" tests="1" failures="0" timestamp="07 Jan 2020 14:03:16 GMT" time="2.633" errors="0">
  <testcase name="TestCase1" time="2.633" classname="com.ds.apitestcase.TCgetrequest"/>
</testsuite> <!-- com.ds.apitestcase.TCgetrequest -->
